Arguments: 
  C:\Program Files\nodejs\node.exe C:\Program Files\nodejs\node_modules\yarn\bin\yarn.js install

PATH: 
  C:\Users\edoardo_Dominikus\bin;C:\Program Files\Git\mingw64\bin;C:\Program Files\Git\usr\local\bin;C:\Program Files\Git\usr\bin;C:\Program Files\Git\usr\bin;C:\Program Files\Git\mingw64\bin;C:\Program Files\Git\usr\bin;C:\Users\edoardo_Dominikus\bin;C:\windows\system32;C:\windows;C:\windows\System32\Wbem;C:\windows\System32\WindowsPowerShell\v1.0;C:\windows\System32\OpenSSH;C:\Program Files\Intel\WiFi\bin;C:\Program Files\Common Files\Intel\WirelessCommon;C:\Program Files (x86)\Intel\Intel(R) Management Engine Components\DAL;C:\Program Files\Intel\Intel(R) Management Engine Components\DAL;C:\Users\edoardo_Dominikus\AppData\Roaming\nvm;C:\Program Files\nodejs;C:\Program Files\Git\cmd;C:\Users\edoardo_Dominikus\AppData\Local\Microsoft\WindowsApps;C:\Users\edoardo_Dominikus\AppData\Local\Programs\Microsoft VS Code\bin;C:\Users\edoardo_Dominikus\AppData\Roaming\nvm;C:\Program Files\nodejs;C:\Program Files\Git\usr\bin\vendor_perl;C:\Program Files\Git\usr\bin\core_perl

Yarn version: 
  1.22.10

Node version: 
  10.16.0

Platform: 
  win32 x64

Trace: 
  Error: https://registry.nlark.com/core-js/download/core-js-2.6.12.tgz?cache=0&sync_timestamp=1624966056491&other_urls=https%3A%2F%2Fregistry.nlark.com%2Fcore-js%2Fdownload%2Fcore-js-2.6.12.tgz: ESOCKETTIMEDOUT
      at ClientRequest.<anonymous> (C:\Users\edoardo_Dominikus\AppData\Roaming\nvm\v10.16.0\node_modules\yarn\lib\cli.js:141289:19)
      at Object.onceWrapper (events.js:286:20)
      at ClientRequest.emit (events.js:198:13)
      at TLSSocket.emitRequestTimeout (_http_client.js:662:40)
      at Object.onceWrapper (events.js:286:20)
      at TLSSocket.emit (events.js:198:13)
      at TLSSocket.Socket._onTimeout (net.js:442:8)
      at ontimeout (timers.js:436:11)
      at tryOnTimeout (timers.js:300:5)
      at listOnTimeout (timers.js:263:5)

npm manifest: 
  {
    "name": "ebook",
    "version": "1.0.0",
    "description": "",
    "main": "index.js",
    "scripts": {
      "build": "webpack -p",
      "build-css": "node-sass -r src/css-src -o dist/css",
      "start": "webpack-dev-server"
    },
    "keywords": [],
    "author": "",
    "license": "ISC",
    "devDependencies": {
      "@babel/cli": "^7.8.4",
      "@babel/core": "^7.8.4",
      "@babel/plugin-transform-runtime": "^7.10.4",
      "@babel/preset-env": "^7.8.4",
      "@babel/preset-react": "^7.8.3",
      "@babel/preset-typescript": "^7.10.4",
      "@testing-library/jest-dom": "^5.11.0",
      "@testing-library/react": "^10.4.3",
      "@typescript-eslint/eslint-plugin": "^2.20.0",
      "@typescript-eslint/parser": "^2.20.0",
      "babel-loader": "^8.0.6",
      "browser-sync-webpack-plugin": "^2.3.0",
      "css-loader": "^3.5.3",
      "eslint": "^6.8.0",
      "eslint-config-airbnb": "^18.0.1",
      "eslint-plugin-import": "^2.20.1",
      "eslint-plugin-jsx-a11y": "^6.2.3",
      "eslint-plugin-react": "^7.18.3",
      "eslint-plugin-react-hooks": "^1.7.0",
      "file-loader": "^6.0.0",
      "mini-css-extract-plugin": "^0.9.0",
      "sass-loader": "^8.0.2",
      "style-loader": "^1.2.1",
      "url-loader": "^4.1.0",
      "webpack": "^4.41.6",
      "webpack-cli": "^3.3.11",
      "webpack-dev-server": "^3.10.3"
    },
    "dependencies": {
      "@babel/polyfill": "^7.8.7",
      "browser-sync": "^2.26.14",
      "node-sass": "^4.14.1"
    }
  }

yarn manifest: 
  No manifest

Lockfile: 
  No lockfile
